2022-08-04 14:54:39,593 DEBUG c.n.c.ManagerController [main] ManagerController created
2022-08-04 14:54:39,599 DEBUG c.n.c.ManagerController [main] Generated a random password
2022-08-04 14:54:41,260 INFO c.n.c.ManagerController [main] Email notification for a new user's temporary password failed
2022-08-04 14:54:41,281 DEBUG c.n.c.ReimbursementRequestController [main] ReimbursementRequestController created
2022-08-04 14:54:41,283 DEBUG c.n.c.ReimbursementRequestController [main] ReimbursementRequestController created
2022-08-04 14:54:41,284 DEBUG c.n.c.ReimbursementRequestController [main] ReimbursementRequestController created
2022-08-04 14:54:41,284 INFO c.n.c.ReimbursementRequestController [main] Email notification for a resolved request failed
2022-08-04 14:54:41,514 DEBUG c.n.s.RequestDAOImplPostgres [main] Request DAO created
2022-08-04 14:54:41,517 DEBUG c.n.s.RequestDAOImplPostgres [main] Attempting database insert for new reimbursement request
2022-08-04 14:54:41,519 DEBUG c.n.s.RequestDAOImplPostgres [main] Request DAO created
2022-08-04 14:54:41,524 DEBUG c.n.s.RequestDAOImplPostgres [main] Attempting database insert for new reimbursement request
2022-08-04 14:54:41,524 ERROR c.n.s.RequestDAOImplPostgres [main] Database insert failed
2022-08-04 14:54:41,527 DEBUG c.n.s.RequestDAOImplPostgres [main] Request DAO created
2022-08-04 14:54:41,530 DEBUG c.n.s.RequestDAOImplPostgres [main] Attempting database query for 'Resolved' requests
2022-08-04 14:54:41,531 DEBUG c.n.s.RequestDAOImplPostgres [main] Database query found a reimbursement request
2022-08-04 14:54:41,532 DEBUG c.n.s.RequestDAOImplPostgres [main] Attempting database query for 'Resolved' requests
2022-08-04 14:54:41,532 ERROR c.n.s.RequestDAOImplPostgres [main] Database query failed
2022-08-04 14:54:41,533 DEBUG c.n.s.RequestDAOImplPostgres [main] Request DAO created
2022-08-04 14:54:41,535 DEBUG c.n.s.RequestDAOImplPostgres [main] Attempting database query for 'Pending' requests belonging to one user
2022-08-04 14:54:41,536 DEBUG c.n.s.RequestDAOImplPostgres [main] Database query found a reimbursement request
2022-08-04 14:54:41,536 DEBUG c.n.s.RequestDAOImplPostgres [main] Attempting database query for 'Pending' requests belonging to one user
2022-08-04 14:54:41,537 ERROR c.n.s.RequestDAOImplPostgres [main] Database query failed
2022-08-04 14:54:41,538 DEBUG c.n.s.RequestDAOImplPostgres [main] Request DAO created
2022-08-04 14:54:41,541 DEBUG c.n.s.RequestDAOImplPostgres [main] Attempting database query for 'Pending' requests
2022-08-04 14:54:41,542 DEBUG c.n.s.RequestDAOImplPostgres [main] Database query found a reimbursement request
2022-08-04 14:54:41,542 DEBUG c.n.s.RequestDAOImplPostgres [main] Attempting database query for 'Pending' requests
2022-08-04 14:54:41,543 ERROR c.n.s.RequestDAOImplPostgres [main] Database query failed
2022-08-04 14:54:41,544 DEBUG c.n.s.RequestDAOImplPostgres [main] Request DAO created
2022-08-04 14:54:41,546 DEBUG c.n.s.RequestDAOImplPostgres [main] Attempting database query for 'Resolved' requests belonging to one user
2022-08-04 14:54:41,547 DEBUG c.n.s.RequestDAOImplPostgres [main] Database query found a reimbursement request
2022-08-04 14:54:41,548 DEBUG c.n.s.RequestDAOImplPostgres [main] Attempting database query for 'Resolved' requests belonging to one user
2022-08-04 14:54:41,548 ERROR c.n.s.RequestDAOImplPostgres [main] Database query failed
2022-08-04 14:54:41,549 DEBUG c.n.s.RequestDAOImplPostgres [main] Request DAO created
2022-08-04 14:54:41,550 DEBUG c.n.s.RequestDAOImplPostgres [main] Attempting database query for existing reimbursement request
2022-08-04 14:54:41,551 DEBUG c.n.s.RequestDAOImplPostgres [main] Database query found a reimbursement request
2022-08-04 14:54:41,552 DEBUG c.n.s.RequestDAOImplPostgres [main] Request DAO created
2022-08-04 14:54:41,553 DEBUG c.n.s.RequestDAOImplPostgres [main] Attempting database query for existing reimbursement request
2022-08-04 14:54:41,554 ERROR c.n.s.RequestDAOImplPostgres [main] Database query failed
2022-08-04 14:54:41,554 DEBUG c.n.s.RequestDAOImplPostgres [main] Request DAO created
2022-08-04 14:54:41,557 DEBUG c.n.s.RequestDAOImplPostgres [main] Attempting database update for a request's status
2022-08-04 14:54:41,558 DEBUG c.n.s.RequestDAOImplPostgres [main] Attempting database update for a request's status
2022-08-04 14:54:41,558 ERROR c.n.s.RequestDAOImplPostgres [main] Database update failed
2022-08-04 14:54:41,568 DEBUG c.n.s.UserDAOImplPostgres [main] PostgreSQL DAO created
2022-08-04 14:54:41,572 DEBUG c.n.s.UserDAOImplPostgres [main] Attempting database query for existing user
2022-08-04 14:54:41,572 ERROR c.n.s.UserDAOImplPostgres [main] Database query failed
2022-08-04 14:54:41,573 DEBUG c.n.s.UserDAOImplPostgres [main] PostgreSQL DAO created
2022-08-04 14:54:41,574 DEBUG c.n.s.UserDAOImplPostgres [main] Attempting database insert for new user
2022-08-04 14:54:41,575 DEBUG c.n.s.UserDAOImplPostgres [main] PostgreSQL DAO created
2022-08-04 14:54:41,576 DEBUG c.n.s.UserDAOImplPostgres [main] Attempting database insert for new user
2022-08-04 14:54:41,577 ERROR c.n.s.UserDAOImplPostgres [main] Database insert failed
2022-08-04 14:54:41,577 DEBUG c.n.s.UserDAOImplPostgres [main] PostgreSQL DAO created
2022-08-04 14:54:41,578 DEBUG c.n.s.UserDAOImplPostgres [main] Attempting database update for existing user
2022-08-04 14:54:41,579 DEBUG c.n.s.UserDAOImplPostgres [main] Attempting database update for existing user
2022-08-04 14:54:41,580 ERROR c.n.s.UserDAOImplPostgres [main] Database update failed
2022-08-04 14:54:41,581 DEBUG c.n.s.UserDAOImplPostgres [main] PostgreSQL DAO created
2022-08-04 14:54:41,583 DEBUG c.n.s.UserDAOImplPostgres [main] Attempting database query for user authentication
2022-08-04 14:54:41,583 ERROR c.n.s.UserDAOImplPostgres [main] Database query failed
2022-08-04 14:54:41,583 DEBUG c.n.s.UserDAOImplPostgres [main] PostgreSQL DAO created
2022-08-04 14:54:41,584 DEBUG c.n.s.UserDAOImplPostgres [main] Attempting database query for existing user
2022-08-04 14:54:41,585 DEBUG c.n.s.UserDAOImplPostgres [main] Database query found an employee
2022-08-04 14:54:41,585 DEBUG c.n.s.UserDAOImplPostgres [main] PostgreSQL DAO created
2022-08-04 14:54:41,587 DEBUG c.n.s.UserDAOImplPostgres [main] Attempting database query for user authentication
2022-08-04 14:54:41,587 DEBUG c.n.s.UserDAOImplPostgres [main] Employee successfully authenticated
2022-08-04 14:54:41,588 DEBUG c.n.s.UserDAOImplPostgres [main] PostgreSQL DAO created
2022-08-04 14:54:41,590 DEBUG c.n.s.UserDAOImplPostgres [main] Attempting database query for email availability
2022-08-04 14:54:41,591 DEBUG c.n.s.UserDAOImplPostgres [main] Attempting database query for email availability
2022-08-04 14:54:41,592 DEBUG c.n.s.UserDAOImplPostgres [main] PostgreSQL DAO created
2022-08-04 14:54:41,593 DEBUG c.n.s.UserDAOImplPostgres [main] Attempting database query for all employees
2022-08-04 14:54:41,876 DEBUG c.n.w.ManagerServlet [main] ManagerServlet doGet called with: /123/employees/777
2022-08-04 14:54:41,877 DEBUG c.n.w.ManagerServlet [main] Retrieved an employee's profile for a manager
2022-08-04 14:54:41,933 DEBUG c.n.w.ManagerServlet [main] ManagerServlet doGet called with: /123/requests/pending
2022-08-04 14:54:41,934 DEBUG c.n.w.ManagerServlet [main] Retrieved reimbursement requests for an employee
2022-08-04 14:54:41,937 DEBUG c.n.w.ManagerServlet [main] ManagerServlet doGet called with: /123/requests/employee/555
2022-08-04 14:54:41,939 DEBUG c.n.w.ManagerServlet [main] Retrieved an employee's reimbursement requests for a manager
2022-08-04 14:54:41,944 DEBUG c.n.w.ManagerServlet [main] ManagerServlet doGet called with: /123/employees/all
2022-08-04 14:54:41,944 DEBUG c.n.w.ManagerServlet [main] Retrieved all employees for an authorized manager
2022-08-04 14:54:41,946 DEBUG c.n.w.ManagerServlet [main] ManagerServlet doGet called with: /123/requests/999
2022-08-04 14:54:41,947 DEBUG c.n.w.ManagerServlet [main] Retrieved a reimbursement request for a manager
2022-08-04 15:04:54,955 DEBUG c.n.c.ManagerController [main] ManagerController created
2022-08-04 15:04:54,961 DEBUG c.n.c.ManagerController [main] Generated a random password
2022-08-04 15:04:56,628 INFO c.n.c.ManagerController [main] Email notification for a new user's temporary password failed
2022-08-04 15:04:56,643 DEBUG c.n.c.ReimbursementRequestController [main] ReimbursementRequestController created
2022-08-04 15:04:56,645 DEBUG c.n.c.ReimbursementRequestController [main] ReimbursementRequestController created
2022-08-04 15:04:56,646 DEBUG c.n.c.ReimbursementRequestController [main] ReimbursementRequestController created
2022-08-04 15:04:56,647 INFO c.n.c.ReimbursementRequestController [main] Email notification for a resolved request failed
2022-08-04 15:04:56,926 DEBUG c.n.s.RequestDAOImplPostgres [main] Request DAO created
2022-08-04 15:04:56,930 DEBUG c.n.s.RequestDAOImplPostgres [main] Attempting database insert for new reimbursement request
2022-08-04 15:04:56,932 DEBUG c.n.s.RequestDAOImplPostgres [main] Request DAO created
2022-08-04 15:04:56,935 DEBUG c.n.s.RequestDAOImplPostgres [main] Attempting database insert for new reimbursement request
2022-08-04 15:04:56,936 ERROR c.n.s.RequestDAOImplPostgres [main] Database insert failed
2022-08-04 15:04:56,937 DEBUG c.n.s.RequestDAOImplPostgres [main] Request DAO created
2022-08-04 15:04:56,939 DEBUG c.n.s.RequestDAOImplPostgres [main] Attempting database query for 'Resolved' requests
2022-08-04 15:04:56,940 DEBUG c.n.s.RequestDAOImplPostgres [main] Database query found a reimbursement request
2022-08-04 15:04:56,941 DEBUG c.n.s.RequestDAOImplPostgres [main] Attempting database query for 'Resolved' requests
2022-08-04 15:04:56,941 ERROR c.n.s.RequestDAOImplPostgres [main] Database query failed
2022-08-04 15:04:56,942 DEBUG c.n.s.RequestDAOImplPostgres [main] Request DAO created
2022-08-04 15:04:56,944 DEBUG c.n.s.RequestDAOImplPostgres [main] Attempting database query for 'Pending' requests belonging to one user
2022-08-04 15:04:56,944 DEBUG c.n.s.RequestDAOImplPostgres [main] Database query found a reimbursement request
2022-08-04 15:04:56,945 DEBUG c.n.s.RequestDAOImplPostgres [main] Attempting database query for 'Pending' requests belonging to one user
2022-08-04 15:04:56,945 ERROR c.n.s.RequestDAOImplPostgres [main] Database query failed
2022-08-04 15:04:56,946 DEBUG c.n.s.RequestDAOImplPostgres [main] Request DAO created
2022-08-04 15:04:56,952 DEBUG c.n.s.RequestDAOImplPostgres [main] Attempting database query for 'Pending' requests
2022-08-04 15:04:56,954 DEBUG c.n.s.RequestDAOImplPostgres [main] Database query found a reimbursement request
2022-08-04 15:04:56,954 DEBUG c.n.s.RequestDAOImplPostgres [main] Attempting database query for 'Pending' requests
2022-08-04 15:04:56,954 ERROR c.n.s.RequestDAOImplPostgres [main] Database query failed
2022-08-04 15:04:56,955 DEBUG c.n.s.RequestDAOImplPostgres [main] Request DAO created
2022-08-04 15:04:56,958 DEBUG c.n.s.RequestDAOImplPostgres [main] Attempting database query for 'Resolved' requests belonging to one user
2022-08-04 15:04:56,960 DEBUG c.n.s.RequestDAOImplPostgres [main] Database query found a reimbursement request
2022-08-04 15:04:56,960 DEBUG c.n.s.RequestDAOImplPostgres [main] Attempting database query for 'Resolved' requests belonging to one user
2022-08-04 15:04:56,960 ERROR c.n.s.RequestDAOImplPostgres [main] Database query failed
2022-08-04 15:04:56,962 DEBUG c.n.s.RequestDAOImplPostgres [main] Request DAO created
2022-08-04 15:04:56,963 DEBUG c.n.s.RequestDAOImplPostgres [main] Attempting database query for existing reimbursement request
2022-08-04 15:04:56,964 DEBUG c.n.s.RequestDAOImplPostgres [main] Database query found a reimbursement request
2022-08-04 15:04:56,965 DEBUG c.n.s.RequestDAOImplPostgres [main] Request DAO created
2022-08-04 15:04:56,966 DEBUG c.n.s.RequestDAOImplPostgres [main] Attempting database query for existing reimbursement request
2022-08-04 15:04:56,967 ERROR c.n.s.RequestDAOImplPostgres [main] Database query failed
2022-08-04 15:04:56,967 DEBUG c.n.s.RequestDAOImplPostgres [main] Request DAO created
2022-08-04 15:04:56,969 DEBUG c.n.s.RequestDAOImplPostgres [main] Attempting database update for a request's status
2022-08-04 15:04:56,970 DEBUG c.n.s.RequestDAOImplPostgres [main] Attempting database update for a request's status
2022-08-04 15:04:56,970 ERROR c.n.s.RequestDAOImplPostgres [main] Database update failed
2022-08-04 15:04:56,979 DEBUG c.n.s.UserDAOImplPostgres [main] PostgreSQL DAO created
2022-08-04 15:04:56,980 DEBUG c.n.s.UserDAOImplPostgres [main] Attempting database query for existing user
2022-08-04 15:04:56,981 ERROR c.n.s.UserDAOImplPostgres [main] Database query failed
2022-08-04 15:04:56,981 DEBUG c.n.s.UserDAOImplPostgres [main] PostgreSQL DAO created
2022-08-04 15:04:56,983 DEBUG c.n.s.UserDAOImplPostgres [main] Attempting database insert for new user
2022-08-04 15:04:56,984 DEBUG c.n.s.UserDAOImplPostgres [main] PostgreSQL DAO created
2022-08-04 15:04:56,985 DEBUG c.n.s.UserDAOImplPostgres [main] Attempting database insert for new user
2022-08-04 15:04:56,986 ERROR c.n.s.UserDAOImplPostgres [main] Database insert failed
2022-08-04 15:04:56,986 DEBUG c.n.s.UserDAOImplPostgres [main] PostgreSQL DAO created
2022-08-04 15:04:56,987 DEBUG c.n.s.UserDAOImplPostgres [main] Attempting database update for existing user
2022-08-04 15:04:56,988 DEBUG c.n.s.UserDAOImplPostgres [main] Attempting database update for existing user
2022-08-04 15:04:56,989 ERROR c.n.s.UserDAOImplPostgres [main] Database update failed
2022-08-04 15:04:56,990 DEBUG c.n.s.UserDAOImplPostgres [main] PostgreSQL DAO created
2022-08-04 15:04:56,991 DEBUG c.n.s.UserDAOImplPostgres [main] Attempting database query for user authentication
2022-08-04 15:04:56,992 ERROR c.n.s.UserDAOImplPostgres [main] Database query failed
2022-08-04 15:04:56,992 DEBUG c.n.s.UserDAOImplPostgres [main] PostgreSQL DAO created
2022-08-04 15:04:56,993 DEBUG c.n.s.UserDAOImplPostgres [main] Attempting database query for existing user
2022-08-04 15:04:56,994 DEBUG c.n.s.UserDAOImplPostgres [main] Database query found an employee
2022-08-04 15:04:56,994 DEBUG c.n.s.UserDAOImplPostgres [main] PostgreSQL DAO created
2022-08-04 15:04:56,995 DEBUG c.n.s.UserDAOImplPostgres [main] Attempting database query for user authentication
2022-08-04 15:04:56,996 DEBUG c.n.s.UserDAOImplPostgres [main] Employee successfully authenticated
2022-08-04 15:04:56,997 DEBUG c.n.s.UserDAOImplPostgres [main] PostgreSQL DAO created
2022-08-04 15:04:56,999 DEBUG c.n.s.UserDAOImplPostgres [main] Attempting database query for email availability
2022-08-04 15:04:56,999 DEBUG c.n.s.UserDAOImplPostgres [main] Attempting database query for email availability
2022-08-04 15:04:57,000 DEBUG c.n.s.UserDAOImplPostgres [main] PostgreSQL DAO created
2022-08-04 15:04:57,001 DEBUG c.n.s.UserDAOImplPostgres [main] Attempting database query for all employees
2022-08-04 15:04:57,253 DEBUG c.n.w.ManagerServlet [main] ManagerServlet doGet called with: /123/employees/777
2022-08-04 15:04:57,254 DEBUG c.n.w.ManagerServlet [main] Retrieved an employee's profile for a manager
2022-08-04 15:04:57,303 DEBUG c.n.w.ManagerServlet [main] ManagerServlet doGet called with: /123/requests/pending
2022-08-04 15:04:57,303 DEBUG c.n.w.ManagerServlet [main] Retrieved reimbursement requests for an employee
2022-08-04 15:04:57,305 DEBUG c.n.w.ManagerServlet [main] ManagerServlet doGet called with: /123/requests/employee/555
2022-08-04 15:04:57,306 DEBUG c.n.w.ManagerServlet [main] Retrieved an employee's reimbursement requests for a manager
2022-08-04 15:04:57,310 DEBUG c.n.w.ManagerServlet [main] ManagerServlet doGet called with: /123/employees/all
2022-08-04 15:04:57,310 DEBUG c.n.w.ManagerServlet [main] Retrieved all employees for an authorized manager
2022-08-04 15:04:57,312 DEBUG c.n.w.ManagerServlet [main] ManagerServlet doGet called with: /123/requests/999
2022-08-04 15:04:57,313 DEBUG c.n.w.ManagerServlet [main] Retrieved a reimbursement request for a manager
2022-08-04 18:01:39,872 DEBUG c.n.c.r.ReimbursementRequestController [main] ReimbursementRequestController created
2022-08-04 18:01:39,906 DEBUG c.n.c.r.ReimbursementRequestController [main] ReimbursementRequestController created
2022-08-04 18:01:39,908 DEBUG c.n.c.r.ReimbursementRequestController [main] ReimbursementRequestController created
2022-08-04 18:01:39,914 INFO c.n.c.r.ReimbursementRequestController [main] Email notification for a resolved request failed
2022-08-04 18:01:39,979 DEBUG c.n.c.u.ManagerController [main] ManagerController created
2022-08-04 18:01:39,980 DEBUG c.n.c.u.ManagerController [main] Generated a random password
2022-08-04 18:01:41,769 INFO c.n.c.u.ManagerController [main] Email notification for a new user's temporary password failed
2022-08-04 18:01:42,035 DEBUG c.n.s.RequestDAOImplPostgres [main] Request DAO created
2022-08-04 18:01:42,038 DEBUG c.n.s.RequestDAOImplPostgres [main] Attempting database insert for new reimbursement request
2022-08-04 18:01:42,040 DEBUG c.n.s.RequestDAOImplPostgres [main] Request DAO created
2022-08-04 18:01:42,044 DEBUG c.n.s.RequestDAOImplPostgres [main] Attempting database insert for new reimbursement request
2022-08-04 18:01:42,044 ERROR c.n.s.RequestDAOImplPostgres [main] Database insert failed
2022-08-04 18:01:42,045 DEBUG c.n.s.RequestDAOImplPostgres [main] Request DAO created
2022-08-04 18:01:42,047 DEBUG c.n.s.RequestDAOImplPostgres [main] Attempting database query for 'Resolved' requests
2022-08-04 18:01:42,047 DEBUG c.n.s.RequestDAOImplPostgres [main] Database query found a reimbursement request
2022-08-04 18:01:42,048 DEBUG c.n.s.RequestDAOImplPostgres [main] Attempting database query for 'Resolved' requests
2022-08-04 18:01:42,049 ERROR c.n.s.RequestDAOImplPostgres [main] Database query failed
2022-08-04 18:01:42,051 DEBUG c.n.s.RequestDAOImplPostgres [main] Request DAO created
2022-08-04 18:01:42,053 DEBUG c.n.s.RequestDAOImplPostgres [main] Attempting database query for 'Pending' requests belonging to one user
2022-08-04 18:01:42,054 DEBUG c.n.s.RequestDAOImplPostgres [main] Database query found a reimbursement request
2022-08-04 18:01:42,055 DEBUG c.n.s.RequestDAOImplPostgres [main] Attempting database query for 'Pending' requests belonging to one user
2022-08-04 18:01:42,056 ERROR c.n.s.RequestDAOImplPostgres [main] Database query failed
2022-08-04 18:01:42,056 DEBUG c.n.s.RequestDAOImplPostgres [main] Request DAO created
2022-08-04 18:01:42,058 DEBUG c.n.s.RequestDAOImplPostgres [main] Attempting database query for 'Pending' requests
2022-08-04 18:01:42,059 DEBUG c.n.s.RequestDAOImplPostgres [main] Database query found a reimbursement request
2022-08-04 18:01:42,060 DEBUG c.n.s.RequestDAOImplPostgres [main] Attempting database query for 'Pending' requests
2022-08-04 18:01:42,061 ERROR c.n.s.RequestDAOImplPostgres [main] Database query failed
2022-08-04 18:01:42,062 DEBUG c.n.s.RequestDAOImplPostgres [main] Request DAO created
2022-08-04 18:01:42,066 DEBUG c.n.s.RequestDAOImplPostgres [main] Attempting database query for 'Resolved' requests belonging to one user
2022-08-04 18:01:42,067 DEBUG c.n.s.RequestDAOImplPostgres [main] Database query found a reimbursement request
2022-08-04 18:01:42,067 DEBUG c.n.s.RequestDAOImplPostgres [main] Attempting database query for 'Resolved' requests belonging to one user
2022-08-04 18:01:42,068 ERROR c.n.s.RequestDAOImplPostgres [main] Database query failed
2022-08-04 18:01:42,069 DEBUG c.n.s.RequestDAOImplPostgres [main] Request DAO created
2022-08-04 18:01:42,072 DEBUG c.n.s.RequestDAOImplPostgres [main] Attempting database query for existing reimbursement request
2022-08-04 18:01:42,073 DEBUG c.n.s.RequestDAOImplPostgres [main] Database query found a reimbursement request
2022-08-04 18:01:42,074 DEBUG c.n.s.RequestDAOImplPostgres [main] Request DAO created
2022-08-04 18:01:42,076 DEBUG c.n.s.RequestDAOImplPostgres [main] Attempting database query for existing reimbursement request
2022-08-04 18:01:42,076 ERROR c.n.s.RequestDAOImplPostgres [main] Database query failed
2022-08-04 18:01:42,077 DEBUG c.n.s.RequestDAOImplPostgres [main] Request DAO created
2022-08-04 18:01:42,079 DEBUG c.n.s.RequestDAOImplPostgres [main] Attempting database update for a request's status
2022-08-04 18:01:42,081 DEBUG c.n.s.RequestDAOImplPostgres [main] Attempting database update for a request's status
2022-08-04 18:01:42,081 ERROR c.n.s.RequestDAOImplPostgres [main] Database update failed
2022-08-04 18:01:42,090 DEBUG c.n.s.UserDAOImplPostgres [main] PostgreSQL DAO created
2022-08-04 18:01:42,093 DEBUG c.n.s.UserDAOImplPostgres [main] Attempting database query for existing user
2022-08-04 18:01:42,093 ERROR c.n.s.UserDAOImplPostgres [main] Database query failed
2022-08-04 18:01:42,096 DEBUG c.n.s.UserDAOImplPostgres [main] PostgreSQL DAO created
2022-08-04 18:01:42,098 DEBUG c.n.s.UserDAOImplPostgres [main] Attempting database insert for new user
2022-08-04 18:01:42,099 DEBUG c.n.s.UserDAOImplPostgres [main] PostgreSQL DAO created
2022-08-04 18:01:42,100 DEBUG c.n.s.UserDAOImplPostgres [main] Attempting database insert for new user
2022-08-04 18:01:42,101 ERROR c.n.s.UserDAOImplPostgres [main] Database insert failed
2022-08-04 18:01:42,101 DEBUG c.n.s.UserDAOImplPostgres [main] PostgreSQL DAO created
2022-08-04 18:01:42,102 DEBUG c.n.s.UserDAOImplPostgres [main] Attempting database update for existing user
2022-08-04 18:01:42,103 DEBUG c.n.s.UserDAOImplPostgres [main] Attempting database update for existing user
2022-08-04 18:01:42,104 ERROR c.n.s.UserDAOImplPostgres [main] Database update failed
2022-08-04 18:01:42,104 DEBUG c.n.s.UserDAOImplPostgres [main] PostgreSQL DAO created
2022-08-04 18:01:42,105 DEBUG c.n.s.UserDAOImplPostgres [main] Attempting database query for user authentication
2022-08-04 18:01:42,105 ERROR c.n.s.UserDAOImplPostgres [main] Database query failed
2022-08-04 18:01:42,106 DEBUG c.n.s.UserDAOImplPostgres [main] PostgreSQL DAO created
2022-08-04 18:01:42,107 DEBUG c.n.s.UserDAOImplPostgres [main] Attempting database query for existing user
2022-08-04 18:01:42,108 DEBUG c.n.s.UserDAOImplPostgres [main] Database query found an employee
2022-08-04 18:01:42,108 DEBUG c.n.s.UserDAOImplPostgres [main] PostgreSQL DAO created
2022-08-04 18:01:42,110 DEBUG c.n.s.UserDAOImplPostgres [main] Attempting database query for user authentication
2022-08-04 18:01:42,110 DEBUG c.n.s.UserDAOImplPostgres [main] Employee successfully authenticated
2022-08-04 18:01:42,111 DEBUG c.n.s.UserDAOImplPostgres [main] PostgreSQL DAO created
2022-08-04 18:01:42,115 DEBUG c.n.s.UserDAOImplPostgres [main] Attempting database query for email availability
2022-08-04 18:01:42,116 DEBUG c.n.s.UserDAOImplPostgres [main] Attempting database query for email availability
2022-08-04 18:01:42,117 DEBUG c.n.s.UserDAOImplPostgres [main] PostgreSQL DAO created
2022-08-04 18:01:42,118 DEBUG c.n.s.UserDAOImplPostgres [main] Attempting database query for all employees
2022-08-04 18:01:42,405 DEBUG c.n.w.ManagerServlet [main] ManagerServlet doGet called with: /123/employees/777
2022-08-04 18:01:42,405 DEBUG c.n.w.ManagerServlet [main] Retrieved an employee's profile for a manager
2022-08-04 18:01:42,469 DEBUG c.n.w.ManagerServlet [main] ManagerServlet doGet called with: /123/requests/pending
2022-08-04 18:01:42,469 DEBUG c.n.w.ManagerServlet [main] Retrieved reimbursement requests for an employee
2022-08-04 18:01:42,472 DEBUG c.n.w.ManagerServlet [main] ManagerServlet doGet called with: /123/requests/employee/555
2022-08-04 18:01:42,472 DEBUG c.n.w.ManagerServlet [main] Retrieved an employee's reimbursement requests for a manager
2022-08-04 18:01:42,477 DEBUG c.n.w.ManagerServlet [main] ManagerServlet doGet called with: /123/employees/all
2022-08-04 18:01:42,477 DEBUG c.n.w.ManagerServlet [main] Retrieved all employees for an authorized manager
2022-08-04 18:01:42,479 DEBUG c.n.w.ManagerServlet [main] ManagerServlet doGet called with: /123/requests/999
2022-08-04 18:01:42,480 DEBUG c.n.w.ManagerServlet [main] Retrieved a reimbursement request for a manager
2022-08-04 18:15:17,506 DEBUG c.n.c.r.ReimbursementRequestController [main] ReimbursementRequestController created
2022-08-04 18:15:17,572 DEBUG c.n.c.r.ReimbursementRequestController [main] ReimbursementRequestController created
2022-08-04 18:15:17,574 DEBUG c.n.c.r.ReimbursementRequestController [main] ReimbursementRequestController created
2022-08-04 18:15:17,591 INFO c.n.c.r.ReimbursementRequestController [main] Email notification for a resolved request failed
2022-08-04 18:15:17,672 DEBUG c.n.c.u.ManagerController [main] ManagerController created
2022-08-04 18:15:17,673 DEBUG c.n.c.u.ManagerController [main] Generated a random password
2022-08-04 18:15:19,423 INFO c.n.c.u.ManagerController [main] Email notification for a new user's temporary password failed
2022-08-04 18:15:19,770 DEBUG c.n.s.RequestDAOImplPostgres [main] Request DAO created
2022-08-04 18:15:19,775 DEBUG c.n.s.RequestDAOImplPostgres [main] Attempting database insert for new reimbursement request
2022-08-04 18:15:19,779 DEBUG c.n.s.RequestDAOImplPostgres [main] Request DAO created
2022-08-04 18:15:19,786 DEBUG c.n.s.RequestDAOImplPostgres [main] Attempting database insert for new reimbursement request
2022-08-04 18:15:19,787 ERROR c.n.s.RequestDAOImplPostgres [main] Database insert failed
2022-08-04 18:15:19,789 DEBUG c.n.s.RequestDAOImplPostgres [main] Request DAO created
2022-08-04 18:15:19,791 DEBUG c.n.s.RequestDAOImplPostgres [main] Attempting database query for 'Resolved' requests
2022-08-04 18:15:19,793 DEBUG c.n.s.RequestDAOImplPostgres [main] Database query found a reimbursement request
2022-08-04 18:15:19,794 DEBUG c.n.s.RequestDAOImplPostgres [main] Attempting database query for 'Resolved' requests
2022-08-04 18:15:19,794 ERROR c.n.s.RequestDAOImplPostgres [main] Database query failed
2022-08-04 18:15:19,796 DEBUG c.n.s.RequestDAOImplPostgres [main] Request DAO created
2022-08-04 18:15:19,799 DEBUG c.n.s.RequestDAOImplPostgres [main] Attempting database query for 'Pending' requests belonging to one user
2022-08-04 18:15:19,800 DEBUG c.n.s.RequestDAOImplPostgres [main] Database query found a reimbursement request
2022-08-04 18:15:19,802 DEBUG c.n.s.RequestDAOImplPostgres [main] Attempting database query for 'Pending' requests belonging to one user
2022-08-04 18:15:19,802 ERROR c.n.s.RequestDAOImplPostgres [main] Database query failed
2022-08-04 18:15:19,804 DEBUG c.n.s.RequestDAOImplPostgres [main] Request DAO created
2022-08-04 18:15:19,807 DEBUG c.n.s.RequestDAOImplPostgres [main] Attempting database query for 'Pending' requests
2022-08-04 18:15:19,808 DEBUG c.n.s.RequestDAOImplPostgres [main] Database query found a reimbursement request
2022-08-04 18:15:19,808 DEBUG c.n.s.RequestDAOImplPostgres [main] Attempting database query for 'Pending' requests
2022-08-04 18:15:19,809 ERROR c.n.s.RequestDAOImplPostgres [main] Database query failed
2022-08-04 18:15:19,812 DEBUG c.n.s.RequestDAOImplPostgres [main] Request DAO created
2022-08-04 18:15:19,814 DEBUG c.n.s.RequestDAOImplPostgres [main] Attempting database query for 'Resolved' requests belonging to one user
2022-08-04 18:15:19,815 DEBUG c.n.s.RequestDAOImplPostgres [main] Database query found a reimbursement request
2022-08-04 18:15:19,815 DEBUG c.n.s.RequestDAOImplPostgres [main] Attempting database query for 'Resolved' requests belonging to one user
2022-08-04 18:15:19,817 ERROR c.n.s.RequestDAOImplPostgres [main] Database query failed
2022-08-04 18:15:19,819 DEBUG c.n.s.RequestDAOImplPostgres [main] Request DAO created
2022-08-04 18:15:19,821 DEBUG c.n.s.RequestDAOImplPostgres [main] Attempting database query for existing reimbursement request
2022-08-04 18:15:19,823 DEBUG c.n.s.RequestDAOImplPostgres [main] Database query found a reimbursement request
2022-08-04 18:15:19,824 DEBUG c.n.s.RequestDAOImplPostgres [main] Request DAO created
2022-08-04 18:15:19,826 DEBUG c.n.s.RequestDAOImplPostgres [main] Attempting database query for existing reimbursement request
2022-08-04 18:15:19,827 ERROR c.n.s.RequestDAOImplPostgres [main] Database query failed
2022-08-04 18:15:19,829 DEBUG c.n.s.RequestDAOImplPostgres [main] Request DAO created
2022-08-04 18:15:19,832 DEBUG c.n.s.RequestDAOImplPostgres [main] Attempting database update for a request's status
2022-08-04 18:15:19,833 DEBUG c.n.s.RequestDAOImplPostgres [main] Attempting database update for a request's status
2022-08-04 18:15:19,834 ERROR c.n.s.RequestDAOImplPostgres [main] Database update failed
2022-08-04 18:15:19,846 DEBUG c.n.s.UserDAOImplPostgres [main] PostgreSQL DAO created
2022-08-04 18:15:19,850 DEBUG c.n.s.UserDAOImplPostgres [main] Attempting database query for existing user
2022-08-04 18:15:19,850 ERROR c.n.s.UserDAOImplPostgres [main] Database query failed
2022-08-04 18:15:19,851 DEBUG c.n.s.UserDAOImplPostgres [main] PostgreSQL DAO created
2022-08-04 18:15:19,855 DEBUG c.n.s.UserDAOImplPostgres [main] Attempting database insert for new user
2022-08-04 18:15:19,857 DEBUG c.n.s.UserDAOImplPostgres [main] PostgreSQL DAO created
2022-08-04 18:15:19,860 DEBUG c.n.s.UserDAOImplPostgres [main] Attempting database insert for new user
2022-08-04 18:15:19,860 ERROR c.n.s.UserDAOImplPostgres [main] Database insert failed
2022-08-04 18:15:19,861 DEBUG c.n.s.UserDAOImplPostgres [main] PostgreSQL DAO created
2022-08-04 18:15:19,864 DEBUG c.n.s.UserDAOImplPostgres [main] Attempting database update for existing user
2022-08-04 18:15:19,867 DEBUG c.n.s.UserDAOImplPostgres [main] Attempting database update for existing user
2022-08-04 18:15:19,868 ERROR c.n.s.UserDAOImplPostgres [main] Database update failed
2022-08-04 18:15:19,870 DEBUG c.n.s.UserDAOImplPostgres [main] PostgreSQL DAO created
2022-08-04 18:15:19,873 DEBUG c.n.s.UserDAOImplPostgres [main] Attempting database query for user authentication
2022-08-04 18:15:19,873 ERROR c.n.s.UserDAOImplPostgres [main] Database query failed
2022-08-04 18:15:19,877 DEBUG c.n.s.UserDAOImplPostgres [main] PostgreSQL DAO created
2022-08-04 18:15:19,879 DEBUG c.n.s.UserDAOImplPostgres [main] Attempting database query for existing user
2022-08-04 18:15:19,879 DEBUG c.n.s.UserDAOImplPostgres [main] Database query found an employee
2022-08-04 18:15:19,881 DEBUG c.n.s.UserDAOImplPostgres [main] PostgreSQL DAO created
2022-08-04 18:15:19,884 DEBUG c.n.s.UserDAOImplPostgres [main] Attempting database query for user authentication
2022-08-04 18:15:19,885 DEBUG c.n.s.UserDAOImplPostgres [main] Employee successfully authenticated
2022-08-04 18:15:19,887 DEBUG c.n.s.UserDAOImplPostgres [main] PostgreSQL DAO created
2022-08-04 18:15:19,891 DEBUG c.n.s.UserDAOImplPostgres [main] Attempting database query for email availability
2022-08-04 18:15:19,891 DEBUG c.n.s.UserDAOImplPostgres [main] Attempting database query for email availability
2022-08-04 18:15:19,893 DEBUG c.n.s.UserDAOImplPostgres [main] PostgreSQL DAO created
2022-08-04 18:15:19,894 DEBUG c.n.s.UserDAOImplPostgres [main] Attempting database query for all employees
2022-08-04 18:15:20,870 DEBUG c.n.w.ManagerServlet [main] ManagerServlet doGet called with: /123/employees/777
2022-08-04 18:15:20,870 DEBUG c.n.w.ManagerServlet [main] Retrieved an employee's profile for a manager
2022-08-04 18:15:20,962 DEBUG c.n.w.ManagerServlet [main] ManagerServlet doGet called with: /123/requests/pending
2022-08-04 18:15:20,963 DEBUG c.n.w.ManagerServlet [main] Retrieved reimbursement requests for an employee
2022-08-04 18:15:20,967 DEBUG c.n.w.ManagerServlet [main] ManagerServlet doGet called with: /123/requests/employee/555
2022-08-04 18:15:20,967 DEBUG c.n.w.ManagerServlet [main] Retrieved an employee's reimbursement requests for a manager
2022-08-04 18:15:20,975 DEBUG c.n.w.ManagerServlet [main] ManagerServlet doGet called with: /123/employees/all
2022-08-04 18:15:20,976 DEBUG c.n.w.ManagerServlet [main] Retrieved all employees for an authorized manager
2022-08-04 18:15:20,980 DEBUG c.n.w.ManagerServlet [main] ManagerServlet doGet called with: /123/requests/999
2022-08-04 18:15:20,983 DEBUG c.n.w.ManagerServlet [main] Retrieved a reimbursement request for a manager
2022-08-04 18:23:57,150 DEBUG c.n.c.r.ReimbursementRequestController [main] ReimbursementRequestController created
2022-08-04 18:23:57,244 DEBUG c.n.c.r.ReimbursementRequestController [main] ReimbursementRequestController created
2022-08-04 18:23:57,247 DEBUG c.n.c.r.ReimbursementRequestController [main] ReimbursementRequestController created
2022-08-04 18:23:57,255 INFO c.n.c.r.ReimbursementRequestController [main] Email notification for a resolved request failed
2022-08-04 18:23:57,379 DEBUG c.n.c.u.ManagerController [main] ManagerController created
2022-08-04 18:23:57,380 DEBUG c.n.c.u.ManagerController [main] Generated a random password
2022-08-04 18:23:59,457 INFO c.n.c.u.ManagerController [main] Email notification for a new user's temporary password failed
2022-08-04 18:23:59,749 DEBUG c.n.s.RequestDAOImplPostgres [main] Request DAO created
2022-08-04 18:23:59,757 DEBUG c.n.s.RequestDAOImplPostgres [main] Attempting database insert for new reimbursement request
2022-08-04 18:23:59,760 DEBUG c.n.s.RequestDAOImplPostgres [main] Request DAO created
2022-08-04 18:23:59,764 DEBUG c.n.s.RequestDAOImplPostgres [main] Attempting database insert for new reimbursement request
2022-08-04 18:23:59,764 ERROR c.n.s.RequestDAOImplPostgres [main] Database insert failed
2022-08-04 18:23:59,765 DEBUG c.n.s.RequestDAOImplPostgres [main] Request DAO created
2022-08-04 18:23:59,768 DEBUG c.n.s.RequestDAOImplPostgres [main] Attempting database query for 'Resolved' requests
2022-08-04 18:23:59,769 DEBUG c.n.s.RequestDAOImplPostgres [main] Database query found a reimbursement request
2022-08-04 18:23:59,769 DEBUG c.n.s.RequestDAOImplPostgres [main] Attempting database query for 'Resolved' requests
2022-08-04 18:23:59,770 ERROR c.n.s.RequestDAOImplPostgres [main] Database query failed
2022-08-04 18:23:59,770 DEBUG c.n.s.RequestDAOImplPostgres [main] Request DAO created
2022-08-04 18:23:59,773 DEBUG c.n.s.RequestDAOImplPostgres [main] Attempting database query for 'Pending' requests belonging to one user
2022-08-04 18:23:59,773 DEBUG c.n.s.RequestDAOImplPostgres [main] Database query found a reimbursement request
2022-08-04 18:23:59,774 DEBUG c.n.s.RequestDAOImplPostgres [main] Attempting database query for 'Pending' requests belonging to one user
2022-08-04 18:23:59,774 ERROR c.n.s.RequestDAOImplPostgres [main] Database query failed
2022-08-04 18:23:59,775 DEBUG c.n.s.RequestDAOImplPostgres [main] Request DAO created
2022-08-04 18:23:59,781 DEBUG c.n.s.RequestDAOImplPostgres [main] Attempting database query for 'Pending' requests
2022-08-04 18:23:59,783 DEBUG c.n.s.RequestDAOImplPostgres [main] Database query found a reimbursement request
2022-08-04 18:23:59,783 DEBUG c.n.s.RequestDAOImplPostgres [main] Attempting database query for 'Pending' requests
2022-08-04 18:23:59,784 ERROR c.n.s.RequestDAOImplPostgres [main] Database query failed
2022-08-04 18:23:59,786 DEBUG c.n.s.RequestDAOImplPostgres [main] Request DAO created
2022-08-04 18:23:59,790 DEBUG c.n.s.RequestDAOImplPostgres [main] Attempting database query for 'Resolved' requests belonging to one user
2022-08-04 18:23:59,791 DEBUG c.n.s.RequestDAOImplPostgres [main] Database query found a reimbursement request
2022-08-04 18:23:59,792 DEBUG c.n.s.RequestDAOImplPostgres [main] Attempting database query for 'Resolved' requests belonging to one user
2022-08-04 18:23:59,792 ERROR c.n.s.RequestDAOImplPostgres [main] Database query failed
2022-08-04 18:23:59,793 DEBUG c.n.s.RequestDAOImplPostgres [main] Request DAO created
2022-08-04 18:23:59,795 DEBUG c.n.s.RequestDAOImplPostgres [main] Attempting database query for existing reimbursement request
2022-08-04 18:23:59,795 DEBUG c.n.s.RequestDAOImplPostgres [main] Database query found a reimbursement request
2022-08-04 18:23:59,797 DEBUG c.n.s.RequestDAOImplPostgres [main] Request DAO created
2022-08-04 18:23:59,799 DEBUG c.n.s.RequestDAOImplPostgres [main] Attempting database query for existing reimbursement request
2022-08-04 18:23:59,799 ERROR c.n.s.RequestDAOImplPostgres [main] Database query failed
2022-08-04 18:23:59,800 DEBUG c.n.s.RequestDAOImplPostgres [main] Request DAO created
2022-08-04 18:23:59,802 DEBUG c.n.s.RequestDAOImplPostgres [main] Attempting database update for a request's status
2022-08-04 18:23:59,803 DEBUG c.n.s.RequestDAOImplPostgres [main] Attempting database update for a request's status
2022-08-04 18:23:59,803 ERROR c.n.s.RequestDAOImplPostgres [main] Database update failed
2022-08-04 18:23:59,811 DEBUG c.n.s.UserDAOImplPostgres [main] PostgreSQL DAO created
2022-08-04 18:23:59,813 DEBUG c.n.s.UserDAOImplPostgres [main] Attempting database query for existing user
2022-08-04 18:23:59,814 ERROR c.n.s.UserDAOImplPostgres [main] Database query failed
2022-08-04 18:23:59,815 DEBUG c.n.s.UserDAOImplPostgres [main] PostgreSQL DAO created
2022-08-04 18:23:59,817 DEBUG c.n.s.UserDAOImplPostgres [main] Attempting database insert for new user
2022-08-04 18:23:59,818 DEBUG c.n.s.UserDAOImplPostgres [main] PostgreSQL DAO created
2022-08-04 18:23:59,819 DEBUG c.n.s.UserDAOImplPostgres [main] Attempting database insert for new user
2022-08-04 18:23:59,820 ERROR c.n.s.UserDAOImplPostgres [main] Database insert failed
2022-08-04 18:23:59,821 DEBUG c.n.s.UserDAOImplPostgres [main] PostgreSQL DAO created
2022-08-04 18:23:59,822 DEBUG c.n.s.UserDAOImplPostgres [main] Attempting database update for existing user
2022-08-04 18:23:59,829 DEBUG c.n.s.UserDAOImplPostgres [main] Attempting database update for existing user
2022-08-04 18:23:59,829 ERROR c.n.s.UserDAOImplPostgres [main] Database update failed
2022-08-04 18:23:59,830 DEBUG c.n.s.UserDAOImplPostgres [main] PostgreSQL DAO created
2022-08-04 18:23:59,833 DEBUG c.n.s.UserDAOImplPostgres [main] Attempting database query for user authentication
2022-08-04 18:23:59,834 ERROR c.n.s.UserDAOImplPostgres [main] Database query failed
2022-08-04 18:23:59,835 DEBUG c.n.s.UserDAOImplPostgres [main] PostgreSQL DAO created
2022-08-04 18:23:59,836 DEBUG c.n.s.UserDAOImplPostgres [main] Attempting database query for existing user
2022-08-04 18:23:59,837 DEBUG c.n.s.UserDAOImplPostgres [main] Database query found an employee
2022-08-04 18:23:59,838 DEBUG c.n.s.UserDAOImplPostgres [main] PostgreSQL DAO created
2022-08-04 18:23:59,841 DEBUG c.n.s.UserDAOImplPostgres [main] Attempting database query for user authentication
2022-08-04 18:23:59,841 DEBUG c.n.s.UserDAOImplPostgres [main] Employee successfully authenticated
2022-08-04 18:23:59,843 DEBUG c.n.s.UserDAOImplPostgres [main] PostgreSQL DAO created
2022-08-04 18:23:59,847 DEBUG c.n.s.UserDAOImplPostgres [main] Attempting database query for email availability
2022-08-04 18:23:59,847 DEBUG c.n.s.UserDAOImplPostgres [main] Attempting database query for email availability
2022-08-04 18:23:59,848 DEBUG c.n.s.UserDAOImplPostgres [main] PostgreSQL DAO created
2022-08-04 18:23:59,849 DEBUG c.n.s.UserDAOImplPostgres [main] Attempting database query for all employees
2022-08-04 18:24:00,139 DEBUG c.n.w.ManagerServlet [main] ManagerServlet doGet called with: /123/employees/777
2022-08-04 18:24:00,140 DEBUG c.n.w.ManagerServlet [main] Retrieved an employee's profile for a manager
2022-08-04 18:24:00,191 DEBUG c.n.w.ManagerServlet [main] ManagerServlet doGet called with: /123/requests/pending
2022-08-04 18:24:00,192 DEBUG c.n.w.ManagerServlet [main] Retrieved reimbursement requests for an employee
2022-08-04 18:24:00,193 DEBUG c.n.w.ManagerServlet [main] ManagerServlet doGet called with: /123/requests/employee/555
2022-08-04 18:24:00,194 DEBUG c.n.w.ManagerServlet [main] Retrieved an employee's reimbursement requests for a manager
2022-08-04 18:24:00,197 DEBUG c.n.w.ManagerServlet [main] ManagerServlet doGet called with: /123/employees/all
2022-08-04 18:24:00,198 DEBUG c.n.w.ManagerServlet [main] Retrieved all employees for an authorized manager
2022-08-04 18:24:00,199 DEBUG c.n.w.ManagerServlet [main] ManagerServlet doGet called with: /123/requests/999
2022-08-04 18:24:00,200 DEBUG c.n.w.ManagerServlet [main] Retrieved a reimbursement request for a manager
